<?xml version="1.0" encoding="UTF-8"?>
<coverage generated="1777584812333" clover="3.2.0">
  <project timestamp="1777584812333" name="All files">
    <metrics statements="137" coveredstatements="126" conditionals="52" coveredconditionals="46" methods="24" coveredmethods="21" elements="213" coveredelements="193" complexity="0" loc="137" ncloc="137" packages="1" files="6" classes="6"/>
    <file name="crypto.js" path="C:\Users\patri\OneDrive\Escritorio\DistriuidasProyectos\chat-proyect\src\security\crypto.js">
      <metrics statements="26" coveredstatements="25" conditionals="6" coveredconditionals="5" methods="6" coveredmethods="6"/>
      <line num="2" count="1" type="stmt"/>
      <line num="6" count="1" type="stmt"/>
      <line num="11" count="1" type="stmt"/>
      <line num="14" count="1" type="stmt"/>
      <line num="17" count="1" type="stmt"/>
      <line num="26" count="26" type="cond" truecount="3" falsecount="1"/>
      <line num="27" count="0" type="stmt"/>
      <line num="30" count="26" type="stmt"/>
      <line num="42" count="17" type="stmt"/>
      <line num="46" count="17" type="stmt"/>
      <line num="49" count="17" type="stmt"/>
      <line num="52" count="17" type="stmt"/>
      <line num="59" count="17" type="stmt"/>
      <line num="62" count="17" type="stmt"/>
      <line num="78" count="9" type="stmt"/>
      <line num="81" count="9" type="stmt"/>
      <line num="89" count="9" type="stmt"/>
      <line num="92" count="8" type="stmt"/>
      <line num="98" count="6" type="stmt"/>
      <line num="112" count="12" type="stmt"/>
      <line num="116" count="12" type="stmt"/>
      <line num="130" count="3" type="stmt"/>
      <line num="134" count="3" type="stmt"/>
      <line num="146" count="4" type="stmt"/>
      <line num="150" count="4" type="stmt"/>
      <line num="153" count="1" type="stmt"/>
    </file>
    <file name="fileType.js" path="C:\Users\patri\OneDrive\Escritorio\DistriuidasProyectos\chat-proyect\src\security\fileType.js">
      <metrics statements="25" coveredstatements="25" conditionals="17" coveredconditionals="16" methods="4" coveredmethods="4"/>
      <line num="2" count="1" type="stmt"/>
      <line num="9" count="1" type="stmt"/>
      <line num="66" count="150" type="stmt"/>
      <line num="77" count="150" type="stmt"/>
      <line num="79" count="150" type="stmt"/>
      <line num="81" count="150" type="stmt"/>
      <line num="91" count="6" type="stmt"/>
      <line num="92" count="6" type="stmt"/>
      <line num="95" count="6" type="stmt"/>
      <line num="97" count="442" type="cond" truecount="2" falsecount="0"/>
      <line num="98" count="2" type="stmt"/>
      <line num="101" count="440" type="cond" truecount="2" falsecount="0"/>
      <line num="107" count="424" type="stmt"/>
      <line num="112" count="4" type="cond" truecount="1" falsecount="1"/>
      <line num="125" count="15" type="stmt"/>
      <line num="128" count="14" type="cond" truecount="2" falsecount="0"/>
      <line num="129" count="1" type="stmt"/>
      <line num="133" count="13" type="stmt"/>
      <line num="134" count="56" type="stmt"/>
      <line num="135" count="150" type="cond" truecount="2" falsecount="0"/>
      <line num="136" count="7" type="stmt"/>
      <line num="142" count="6" type="cond" truecount="2" falsecount="0"/>
      <line num="143" count="3" type="stmt"/>
      <line num="147" count="3" type="stmt"/>
      <line num="150" count="1" type="stmt"/>
    </file>
    <file name="rateLimiter.js" path="C:\Users\patri\OneDrive\Escritorio\DistriuidasProyectos\chat-proyect\src\security\rateLimiter.js">
      <metrics statements="21" coveredstatements="17" conditionals="8" coveredconditionals="6" methods="2" coveredmethods="1"/>
      <line num="5" count="1" type="stmt"/>
      <line num="8" count="1" type="stmt"/>
      <line num="13" count="1" type="stmt"/>
      <line num="20" count="0" type="stmt"/>
      <line num="22" count="0" type="stmt"/>
      <line num="24" count="0" type="cond" truecount="0" falsecount="2"/>
      <line num="25" count="0" type="stmt"/>
      <line num="32" count="1" type="stmt"/>
      <line num="42" count="611" type="stmt"/>
      <line num="43" count="611" type="stmt"/>
      <line num="46" count="611" type="cond" truecount="2" falsecount="0"/>
      <line num="47" count="10" type="stmt"/>
      <line num="50" count="611" type="stmt"/>
      <line num="53" count="611" type="cond" truecount="2" falsecount="0"/>
      <line num="54" count="2" type="stmt"/>
      <line num="55" count="2" type="stmt"/>
      <line num="59" count="611" type="stmt"/>
      <line num="62" count="611" type="cond" truecount="2" falsecount="0"/>
      <line num="63" count="5" type="stmt"/>
      <line num="67" count="606" type="stmt"/>
      <line num="70" count="1" type="stmt"/>
    </file>
    <file name="stegAnalyzer.js" path="C:\Users\patri\OneDrive\Escritorio\DistriuidasProyectos\chat-proyect\src\security\stegAnalyzer.js">
      <metrics statements="17" coveredstatements="12" conditionals="0" coveredconditionals="0" methods="5" coveredmethods="3"/>
      <line num="1" count="1" type="stmt"/>
      <line num="2" count="1" type="stmt"/>
      <line num="5" count="6" type="stmt"/>
      <line num="6" count="6" type="stmt"/>
      <line num="7" count="6" type="stmt"/>
      <line num="8" count="0" type="stmt"/>
      <line num="9" count="0" type="stmt"/>
      <line num="12" count="6" type="stmt"/>
      <line num="13" count="6" type="stmt"/>
      <line num="14" count="6" type="stmt"/>
      <line num="15" count="6" type="stmt"/>
      <line num="18" count="6" type="stmt"/>
      <line num="19" count="0" type="stmt"/>
      <line num="20" count="0" type="stmt"/>
      <line num="21" count="0" type="stmt"/>
      <line num="24" count="6" type="stmt"/>
      <line num="28" count="1" type="stmt"/>
    </file>
    <file name="token.js" path="C:\Users\patri\OneDrive\Escritorio\DistriuidasProyectos\chat-proyect\src\security\token.js">
      <metrics statements="27" coveredstatements="27" conditionals="14" coveredconditionals="13" methods="4" coveredmethods="4"/>
      <line num="2" count="1" type="stmt"/>
      <line num="12" count="32" type="stmt"/>
      <line num="29" count="9" type="stmt"/>
      <line num="32" count="9" type="stmt"/>
      <line num="33" count="9" type="cond" truecount="1" falsecount="1"/>
      <line num="34" count="9" type="stmt"/>
      <line num="38" count="9" type="stmt"/>
      <line num="52" count="16" type="stmt"/>
      <line num="55" count="16" type="stmt"/>
      <line num="58" count="16" type="stmt"/>
      <line num="61" count="16" type="stmt"/>
      <line num="62" count="16" type="stmt"/>
      <line num="65" count="16" type="stmt"/>
      <line num="68" count="16" type="stmt"/>
      <line num="78" count="16" type="stmt"/>
      <line num="91" count="14" type="stmt"/>
      <line num="94" count="14" type="cond" truecount="5" falsecount="0"/>
      <line num="95" count="1" type="stmt"/>
      <line num="99" count="13" type="stmt"/>
      <line num="102" count="13" type="stmt"/>
      <line num="112" count="13" type="cond" truecount="2" falsecount="0"/>
      <line num="113" count="2" type="stmt"/>
      <line num="117" count="9" type="stmt"/>
      <line num="120" count="9" type="cond" truecount="4" falsecount="0"/>
      <line num="121" count="1" type="stmt"/>
      <line num="125" count="8" type="stmt"/>
      <line num="128" count="1" type="stmt"/>
    </file>
    <file name="totp.js" path="C:\Users\patri\OneDrive\Escritorio\DistriuidasProyectos\chat-proyect\src\security\totp.js">
      <metrics statements="21" coveredstatements="20" conditionals="7" coveredconditionals="6" methods="3" coveredmethods="3"/>
      <line num="2" count="1" type="stmt"/>
      <line num="13" count="42" type="stmt"/>
      <line num="16" count="42" type="stmt"/>
      <line num="19" count="42" type="stmt"/>
      <line num="21" count="42" type="stmt"/>
      <line num="23" count="42" type="stmt"/>
      <line num="26" count="42" type="stmt"/>
      <line num="29" count="42" type="stmt"/>
      <line num="32" count="42" type="stmt"/>
      <line num="36" count="42" type="stmt"/>
      <line num="42" count="42" type="stmt"/>
      <line num="54" count="17" type="cond" truecount="2" falsecount="0"/>
      <line num="55" count="2" type="stmt"/>
      <line num="59" count="15" type="cond" truecount="2" falsecount="0"/>
      <line num="62" count="15" type="cond" truecount="2" falsecount="0"/>
      <line num="63" count="1" type="stmt"/>
      <line num="67" count="14" type="stmt"/>
      <line num="69" count="14" type="stmt"/>
      <line num="72" count="42" type="stmt"/>
      <line num="75" count="0" type="stmt"/>
      <line num="79" count="1" type="stmt"/>
    </file>
  </project>
</coverage>
