{"C:\\Users\\patri\\OneDrive\\Escritorio\\DistriuidasProyectos\\chat-proyect\\src\\security\\crypto.js": {"path":"C:\\Users\\patri\\OneDrive\\Escritorio\\DistriuidasProyectos\\chat-proyect\\src\\security\\crypto.js","statementMap":{"0":{"start":{"line":2,"column":15},"end":{"line":2,"column":32}},"1":{"start":{"line":6,"column":18},"end":{"line":6,"column":31}},"2":{"start":{"line":11,"column":26},"end":{"line":11,"column":32}},"3":{"start":{"line":14,"column":15},"end":{"line":14,"column":17}},"4":{"start":{"line":17,"column":15},"end":{"line":17,"column":23}},"5":{"start":{"line":26,"column":2},"end":{"line":28,"column":3}},"6":{"start":{"line":27,"column":4},"end":{"line":27,"column":69}},"7":{"start":{"line":30,"column":2},"end":{"line":30,"column":61}},"8":{"start":{"line":42,"column":14},"end":{"line":42,"column":28}},"9":{"start":{"line":46,"column":13},"end":{"line":46,"column":35}},"10":{"start":{"line":49,"column":17},"end":{"line":49,"column":81}},"11":{"start":{"line":52,"column":20},"end":{"line":55,"column":4}},"12":{"start":{"line":59,"column":18},"end":{"line":59,"column":37}},"13":{"start":{"line":62,"column":2},"end":{"line":66,"column":4}},"14":{"start":{"line":78,"column":14},"end":{"line":78,"column":28}},"15":{"start":{"line":81,"column":19},"end":{"line":86,"column":3}},"16":{"start":{"line":89,"column":2},"end":{"line":89,"column":64}},"17":{"start":{"line":92,"column":20},"end":{"line":95,"column":4}},"18":{"start":{"line":98,"column":2},"end":{"line":98,"column":36}},"19":{"start":{"line":112,"column":15},"end":{"line":114,"column":23}},"20":{"start":{"line":116,"column":2},"end":{"line":116,"column":36}},"21":{"start":{"line":130,"column":19},"end":{"line":130,"column":55}},"22":{"start":{"line":134,"column":2},"end":{"line":134,"column":96}},"23":{"start":{"line":146,"column":21},"end":{"line":146,"column":62}},"24":{"start":{"line":150,"column":2},"end":{"line":150,"column":41}},"25":{"start":{"line":153,"column":0},"end":{"line":159,"column":2}}},"fnMap":{"0":{"name":"getKey","decl":{"start":{"line":25,"column":9},"end":{"line":25,"column":15}},"loc":{"start":{"line":25,"column":24},"end":{"line":31,"column":1}},"line":25},"1":{"name":"encryptText","decl":{"start":{"line":40,"column":9},"end":{"line":40,"column":20}},"loc":{"start":{"line":40,"column":40},"end":{"line":67,"column":1}},"line":40},"2":{"name":"decryptText","decl":{"start":{"line":76,"column":9},"end":{"line":76,"column":20}},"loc":{"start":{"line":76,"column":40},"end":{"line":99,"column":1}},"line":76},"3":{"name":"hashSecret","decl":{"start":{"line":109,"column":9},"end":{"line":109,"column":19}},"loc":{"start":{"line":109,"column":110},"end":{"line":117,"column":1}},"line":109},"4":{"name":"verifyHash","decl":{"start":{"line":128,"column":9},"end":{"line":128,"column":19}},"loc":{"start":{"line":128,"column":58},"end":{"line":135,"column":1}},"line":128},"5":{"name":"generateSessionKey","decl":{"start":{"line":143,"column":9},"end":{"line":143,"column":27}},"loc":{"start":{"line":143,"column":36},"end":{"line":151,"column":1}},"line":143}},"branchMap":{"0":{"loc":{"start":{"line":26,"column":2},"end":{"line":28,"column":3}},"type":"if","locations":[{"start":{"line":26,"column":2},"end":{"line":28,"column":3}},{"start":{},"end":{}}],"line":26},"1":{"loc":{"start":{"line":26,"column":6},"end":{"line":26,"column":35}},"type":"binary-expr","locations":[{"start":{"line":26,"column":6},"end":{"line":26,"column":13}},{"start":{"line":26,"column":17},"end":{"line":26,"column":35}}],"line":26},"2":{"loc":{"start":{"line":109,"column":28},"end":{"line":109,"column":76}},"type":"default-arg","locations":[{"start":{"line":109,"column":35},"end":{"line":109,"column":76}}],"line":109},"3":{"loc":{"start":{"line":109,"column":78},"end":{"line":109,"column":108}},"type":"default-arg","locations":[{"start":{"line":109,"column":91},"end":{"line":109,"column":108}}],"line":109}},"s":{"0":1,"1":1,"2":1,"3":1,"4":1,"5":26,"6":0,"7":26,"8":17,"9":17,"10":17,"11":17,"12":17,"13":17,"14":9,"15":9,"16":9,"17":8,"18":6,"19":12,"20":12,"21":3,"22":3,"23":4,"24":4,"25":1},"f":{"0":26,"1":17,"2":9,"3":12,"4":3,"5":4},"b":{"0":[0,26],"1":[26,26],"2":[6],"3":[6]},"_coverageSchema":"1a1c01bbd47fc00a2c39e90264f33305004495a9","hash":"73690a6ae49c95a4776de246bd399360a667f7bc"}
,"C:\\Users\\patri\\OneDrive\\Escritorio\\DistriuidasProyectos\\chat-proyect\\src\\security\\fileType.js": {"path":"C:\\Users\\patri\\OneDrive\\Escritorio\\DistriuidasProyectos\\chat-proyect\\src\\security\\fileType.js","statementMap":{"0":{"start":{"line":2,"column":11},"end":{"line":2,"column":24}},"1":{"start":{"line":9,"column":22},"end":{"line":57,"column":1}},"2":{"start":{"line":66,"column":2},"end":{"line":66,"column":66}},"3":{"start":{"line":77,"column":23},"end":{"line":77,"column":43}},"4":{"start":{"line":79,"column":14},"end":{"line":79,"column":47}},"5":{"start":{"line":81,"column":2},"end":{"line":81,"column":49}},"6":{"start":{"line":91,"column":16},"end":{"line":91,"column":39}},"7":{"start":{"line":92,"column":18},"end":{"line":92,"column":19}},"8":{"start":{"line":95,"column":2},"end":{"line":109,"column":3}},"9":{"start":{"line":97,"column":4},"end":{"line":99,"column":5}},"10":{"start":{"line":98,"column":6},"end":{"line":98,"column":19}},"11":{"start":{"line":101,"column":4},"end":{"line":108,"column":5}},"12":{"start":{"line":107,"column":6},"end":{"line":107,"column":21}},"13":{"start":{"line":112,"column":2},"end":{"line":112,"column":47}},"14":{"start":{"line":125,"column":17},"end":{"line":125,"column":42}},"15":{"start":{"line":128,"column":2},"end":{"line":130,"column":3}},"16":{"start":{"line":129,"column":4},"end":{"line":129,"column":16}},"17":{"start":{"line":133,"column":2},"end":{"line":139,"column":3}},"18":{"start":{"line":134,"column":4},"end":{"line":138,"column":5}},"19":{"start":{"line":135,"column":6},"end":{"line":137,"column":7}},"20":{"start":{"line":136,"column":8},"end":{"line":136,"column":52}},"21":{"start":{"line":142,"column":2},"end":{"line":144,"column":3}},"22":{"start":{"line":143,"column":4},"end":{"line":143,"column":46}},"23":{"start":{"line":147,"column":2},"end":{"line":147,"column":14}},"24":{"start":{"line":150,"column":0},"end":{"line":150,"column":36}}},"fnMap":{"0":{"name":"bufferToHex","decl":{"start":{"line":65,"column":9},"end":{"line":65,"column":20}},"loc":{"start":{"line":65,"column":37},"end":{"line":67,"column":1}},"line":65},"1":{"name":"matchesSignature","decl":{"start":{"line":75,"column":9},"end":{"line":75,"column":25}},"loc":{"start":{"line":75,"column":45},"end":{"line":82,"column":1}},"line":75},"2":{"name":"looksLikeText","decl":{"start":{"line":89,"column":9},"end":{"line":89,"column":22}},"loc":{"start":{"line":89,"column":31},"end":{"line":113,"column":1}},"line":89},"3":{"name":"detectFileType","decl":{"start":{"line":123,"column":9},"end":{"line":123,"column":23}},"loc":{"start":{"line":123,"column":34},"end":{"line":148,"column":1}},"line":123}},"branchMap":{"0":{"loc":{"start":{"line":97,"column":4},"end":{"line":99,"column":5}},"type":"if","locations":[{"start":{"line":97,"column":4},"end":{"line":99,"column":5}},{"start":{},"end":{}}],"line":97},"1":{"loc":{"start":{"line":101,"column":4},"end":{"line":108,"column":5}},"type":"if","locations":[{"start":{"line":101,"column":4},"end":{"line":108,"column":5}},{"start":{},"end":{}}],"line":101},"2":{"loc":{"start":{"line":102,"column":6},"end":{"line":105,"column":33}},"type":"binary-expr","locations":[{"start":{"line":102,"column":6},"end":{"line":102,"column":16}},{"start":{"line":103,"column":6},"end":{"line":103,"column":17}},{"start":{"line":104,"column":6},"end":{"line":104,"column":17}},{"start":{"line":105,"column":7},"end":{"line":105,"column":17}},{"start":{"line":105,"column":21},"end":{"line":105,"column":32}}],"line":102},"3":{"loc":{"start":{"line":112,"column":22},"end":{"line":112,"column":39}},"type":"binary-expr","locations":[{"start":{"line":112,"column":22},"end":{"line":112,"column":34}},{"start":{"line":112,"column":38},"end":{"line":112,"column":39}}],"line":112},"4":{"loc":{"start":{"line":128,"column":2},"end":{"line":130,"column":3}},"type":"if","locations":[{"start":{"line":128,"column":2},"end":{"line":130,"column":3}},{"start":{},"end":{}}],"line":128},"5":{"loc":{"start":{"line":135,"column":6},"end":{"line":137,"column":7}},"type":"if","locations":[{"start":{"line":135,"column":6},"end":{"line":137,"column":7}},{"start":{},"end":{}}],"line":135},"6":{"loc":{"start":{"line":142,"column":2},"end":{"line":144,"column":3}},"type":"if","locations":[{"start":{"line":142,"column":2},"end":{"line":144,"column":3}},{"start":{},"end":{}}],"line":142}},"s":{"0":1,"1":1,"2":150,"3":150,"4":150,"5":150,"6":6,"7":6,"8":6,"9":442,"10":2,"11":440,"12":424,"13":4,"14":15,"15":14,"16":1,"17":13,"18":56,"19":150,"20":7,"21":6,"22":3,"23":3,"24":1},"f":{"0":150,"1":150,"2":6,"3":15},"b":{"0":[2,440],"1":[424,16],"2":[440,440,436,436,436],"3":[4,0],"4":[1,13],"5":[7,143],"6":[3,3]},"_coverageSchema":"1a1c01bbd47fc00a2c39e90264f33305004495a9","hash":"192c520b6cd96f0a0601716da96fbf06cbd112f8"}
,"C:\\Users\\patri\\OneDrive\\Escritorio\\DistriuidasProyectos\\chat-proyect\\src\\security\\rateLimiter.js": {"path":"C:\\Users\\patri\\OneDrive\\Escritorio\\DistriuidasProyectos\\chat-proyect\\src\\security\\rateLimiter.js","statementMap":{"0":{"start":{"line":5,"column":18},"end":{"line":5,"column":27}},"1":{"start":{"line":8,"column":21},"end":{"line":8,"column":24}},"2":{"start":{"line":13,"column":16},"end":{"line":13,"column":25}},"3":{"start":{"line":20,"column":14},"end":{"line":20,"column":24}},"4":{"start":{"line":22,"column":2},"end":{"line":27,"column":3}},"5":{"start":{"line":24,"column":4},"end":{"line":26,"column":5}},"6":{"start":{"line":25,"column":6},"end":{"line":25,"column":26}},"7":{"start":{"line":32,"column":0},"end":{"line":32,"column":40}},"8":{"start":{"line":42,"column":14},"end":{"line":42,"column":20}},"9":{"start":{"line":43,"column":14},"end":{"line":43,"column":24}},"10":{"start":{"line":46,"column":2},"end":{"line":48,"column":3}},"11":{"start":{"line":47,"column":4},"end":{"line":47,"column":47}},"12":{"start":{"line":50,"column":17},"end":{"line":50,"column":33}},"13":{"start":{"line":53,"column":2},"end":{"line":56,"column":3}},"14":{"start":{"line":54,"column":4},"end":{"line":54,"column":23}},"15":{"start":{"line":55,"column":4},"end":{"line":55,"column":21}},"16":{"start":{"line":59,"column":2},"end":{"line":59,"column":20}},"17":{"start":{"line":62,"column":2},"end":{"line":64,"column":3}},"18":{"start":{"line":63,"column":4},"end":{"line":63,"column":91}},"19":{"start":{"line":67,"column":2},"end":{"line":67,"column":9}},"20":{"start":{"line":70,"column":0},"end":{"line":70,"column":29}}},"fnMap":{"0":{"name":"cleanup","decl":{"start":{"line":19,"column":9},"end":{"line":19,"column":16}},"loc":{"start":{"line":19,"column":19},"end":{"line":28,"column":1}},"line":19},"1":{"name":"rateLimiter","decl":{"start":{"line":40,"column":9},"end":{"line":40,"column":20}},"loc":{"start":{"line":40,"column":37},"end":{"line":68,"column":1}},"line":40}},"branchMap":{"0":{"loc":{"start":{"line":24,"column":4},"end":{"line":26,"column":5}},"type":"if","locations":[{"start":{"line":24,"column":4},"end":{"line":26,"column":5}},{"start":{},"end":{}}],"line":24},"1":{"loc":{"start":{"line":46,"column":2},"end":{"line":48,"column":3}},"type":"if","locations":[{"start":{"line":46,"column":2},"end":{"line":48,"column":3}},{"start":{},"end":{}}],"line":46},"2":{"loc":{"start":{"line":53,"column":2},"end":{"line":56,"column":3}},"type":"if","locations":[{"start":{"line":53,"column":2},"end":{"line":56,"column":3}},{"start":{},"end":{}}],"line":53},"3":{"loc":{"start":{"line":62,"column":2},"end":{"line":64,"column":3}},"type":"if","locations":[{"start":{"line":62,"column":2},"end":{"line":64,"column":3}},{"start":{},"end":{}}],"line":62}},"s":{"0":1,"1":1,"2":1,"3":0,"4":0,"5":0,"6":0,"7":1,"8":611,"9":611,"10":611,"11":10,"12":611,"13":611,"14":2,"15":2,"16":611,"17":611,"18":5,"19":606,"20":1},"f":{"0":0,"1":611},"b":{"0":[0,0],"1":[10,601],"2":[2,609],"3":[5,606]},"_coverageSchema":"1a1c01bbd47fc00a2c39e90264f33305004495a9","hash":"9153af9faf55b3115b31cbf14c48556f144f9399"}
,"C:\\Users\\patri\\OneDrive\\Escritorio\\DistriuidasProyectos\\chat-proyect\\src\\security\\stegAnalyzer.js": {"path":"C:\\Users\\patri\\OneDrive\\Escritorio\\DistriuidasProyectos\\chat-proyect\\src\\security\\stegAnalyzer.js","statementMap":{"0":{"start":{"line":1,"column":13},"end":{"line":1,"column":28}},"1":{"start":{"line":2,"column":19},"end":{"line":2,"column":44}},"2":{"start":{"line":5,"column":2},"end":{"line":25,"column":5}},"3":{"start":{"line":6,"column":19},"end":{"line":6,"column":68}},"4":{"start":{"line":7,"column":20},"end":{"line":10,"column":13}},"5":{"start":{"line":8,"column":6},"end":{"line":8,"column":25}},"6":{"start":{"line":9,"column":6},"end":{"line":9,"column":79}},"7":{"start":{"line":12,"column":4},"end":{"line":16,"column":7}},"8":{"start":{"line":13,"column":6},"end":{"line":13,"column":28}},"9":{"start":{"line":14,"column":6},"end":{"line":14,"column":25}},"10":{"start":{"line":15,"column":6},"end":{"line":15,"column":22}},"11":{"start":{"line":18,"column":4},"end":{"line":22,"column":7}},"12":{"start":{"line":19,"column":6},"end":{"line":19,"column":28}},"13":{"start":{"line":20,"column":6},"end":{"line":20,"column":25}},"14":{"start":{"line":21,"column":6},"end":{"line":21,"column":20}},"15":{"start":{"line":24,"column":4},"end":{"line":24,"column":33}},"16":{"start":{"line":28,"column":0},"end":{"line":28,"column":33}}},"fnMap":{"0":{"name":"analyzeFile","decl":{"start":{"line":4,"column":9},"end":{"line":4,"column":20}},"loc":{"start":{"line":4,"column":31},"end":{"line":26,"column":1}},"line":4},"1":{"name":"(anonymous_1)","decl":{"start":{"line":5,"column":21},"end":{"line":5,"column":22}},"loc":{"start":{"line":5,"column":42},"end":{"line":25,"column":3}},"line":5},"2":{"name":"(anonymous_2)","decl":{"start":{"line":7,"column":31},"end":{"line":7,"column":32}},"loc":{"start":{"line":7,"column":37},"end":{"line":10,"column":5}},"line":7},"3":{"name":"(anonymous_3)","decl":{"start":{"line":12,"column":27},"end":{"line":12,"column":28}},"loc":{"start":{"line":12,"column":39},"end":{"line":16,"column":5}},"line":12},"4":{"name":"(anonymous_4)","decl":{"start":{"line":18,"column":25},"end":{"line":18,"column":26}},"loc":{"start":{"line":18,"column":36},"end":{"line":22,"column":5}},"line":18}},"branchMap":{},"s":{"0":1,"1":1,"2":6,"3":6,"4":6,"5":0,"6":0,"7":6,"8":6,"9":6,"10":6,"11":6,"12":0,"13":0,"14":0,"15":6,"16":1},"f":{"0":6,"1":6,"2":0,"3":6,"4":0},"b":{},"_coverageSchema":"1a1c01bbd47fc00a2c39e90264f33305004495a9","hash":"deac939a6ccedd1b91a18da4d413cb374c59639a"}
,"C:\\Users\\patri\\OneDrive\\Escritorio\\DistriuidasProyectos\\chat-proyect\\src\\security\\token.js": {"path":"C:\\Users\\patri\\OneDrive\\Escritorio\\DistriuidasProyectos\\chat-proyect\\src\\security\\token.js","statementMap":{"0":{"start":{"line":2,"column":15},"end":{"line":2,"column":32}},"1":{"start":{"line":12,"column":2},"end":{"line":19,"column":25}},"2":{"start":{"line":29,"column":2},"end":{"line":29,"column":52}},"3":{"start":{"line":32,"column":14},"end":{"line":32,"column":35}},"4":{"start":{"line":33,"column":2},"end":{"line":35,"column":3}},"5":{"start":{"line":34,"column":4},"end":{"line":34,"column":28}},"6":{"start":{"line":38,"column":2},"end":{"line":38,"column":54}},"7":{"start":{"line":52,"column":17},"end":{"line":52,"column":45}},"8":{"start":{"line":55,"column":14},"end":{"line":55,"column":62}},"9":{"start":{"line":58,"column":22},"end":{"line":58,"column":41}},"10":{"start":{"line":61,"column":24},"end":{"line":61,"column":63}},"11":{"start":{"line":62,"column":25},"end":{"line":62,"column":69}},"12":{"start":{"line":65,"column":18},"end":{"line":65,"column":54}},"13":{"start":{"line":68,"column":20},"end":{"line":75,"column":24}},"14":{"start":{"line":78,"column":2},"end":{"line":78,"column":35}},"15":{"start":{"line":91,"column":39},"end":{"line":91,"column":55}},"16":{"start":{"line":94,"column":2},"end":{"line":96,"column":3}},"17":{"start":{"line":95,"column":4},"end":{"line":95,"column":38}},"18":{"start":{"line":99,"column":18},"end":{"line":99,"column":40}},"19":{"start":{"line":102,"column":28},"end":{"line":108,"column":24}},"20":{"start":{"line":112,"column":2},"end":{"line":114,"column":3}},"21":{"start":{"line":113,"column":4},"end":{"line":113,"column":38}},"22":{"start":{"line":117,"column":25},"end":{"line":117,"column":61}},"23":{"start":{"line":120,"column":2},"end":{"line":122,"column":3}},"24":{"start":{"line":121,"column":4},"end":{"line":121,"column":38}},"25":{"start":{"line":125,"column":2},"end":{"line":125,"column":24}},"26":{"start":{"line":128,"column":0},"end":{"line":128,"column":44}}},"fnMap":{"0":{"name":"base64UrlEncode","decl":{"start":{"line":10,"column":9},"end":{"line":10,"column":24}},"loc":{"start":{"line":10,"column":31},"end":{"line":20,"column":1}},"line":10},"1":{"name":"base64UrlDecode","decl":{"start":{"line":27,"column":9},"end":{"line":27,"column":24}},"loc":{"start":{"line":27,"column":31},"end":{"line":39,"column":1}},"line":27},"2":{"name":"signToken","decl":{"start":{"line":50,"column":9},"end":{"line":50,"column":18}},"loc":{"start":{"line":50,"column":61},"end":{"line":79,"column":1}},"line":50},"3":{"name":"verifyToken","decl":{"start":{"line":89,"column":9},"end":{"line":89,"column":20}},"loc":{"start":{"line":89,"column":36},"end":{"line":126,"column":1}},"line":89}},"branchMap":{"0":{"loc":{"start":{"line":33,"column":2},"end":{"line":35,"column":3}},"type":"if","locations":[{"start":{"line":33,"column":2},"end":{"line":35,"column":3}},{"start":{},"end":{}}],"line":33},"1":{"loc":{"start":{"line":50,"column":36},"end":{"line":50,"column":59}},"type":"default-arg","locations":[{"start":{"line":50,"column":55},"end":{"line":50,"column":59}}],"line":50},"2":{"loc":{"start":{"line":94,"column":2},"end":{"line":96,"column":3}},"type":"if","locations":[{"start":{"line":94,"column":2},"end":{"line":96,"column":3}},{"start":{},"end":{}}],"line":94},"3":{"loc":{"start":{"line":94,"column":6},"end":{"line":94,"column":39}},"type":"binary-expr","locations":[{"start":{"line":94,"column":6},"end":{"line":94,"column":13}},{"start":{"line":94,"column":17},"end":{"line":94,"column":25}},{"start":{"line":94,"column":29},"end":{"line":94,"column":39}}],"line":94},"4":{"loc":{"start":{"line":112,"column":2},"end":{"line":114,"column":3}},"type":"if","locations":[{"start":{"line":112,"column":2},"end":{"line":114,"column":3}},{"start":{},"end":{}}],"line":112},"5":{"loc":{"start":{"line":120,"column":2},"end":{"line":122,"column":3}},"type":"if","locations":[{"start":{"line":120,"column":2},"end":{"line":122,"column":3}},{"start":{},"end":{}}],"line":120},"6":{"loc":{"start":{"line":120,"column":6},"end":{"line":120,"column":78}},"type":"binary-expr","locations":[{"start":{"line":120,"column":6},"end":{"line":120,"column":24}},{"start":{"line":120,"column":28},"end":{"line":120,"column":78}}],"line":120}},"s":{"0":1,"1":32,"2":9,"3":9,"4":9,"5":9,"6":9,"7":16,"8":16,"9":16,"10":16,"11":16,"12":16,"13":16,"14":16,"15":14,"16":14,"17":1,"18":13,"19":13,"20":13,"21":2,"22":9,"23":9,"24":1,"25":8,"26":1},"f":{"0":32,"1":9,"2":16,"3":14},"b":{"0":[9,0],"1":[10],"2":[1,13],"3":[14,14,14],"4":[2,9],"5":[1,8],"6":[9,9]},"_coverageSchema":"1a1c01bbd47fc00a2c39e90264f33305004495a9","hash":"5c07bf7ffdd25e68dfd665bce218702cc150d145"}
,"C:\\Users\\patri\\OneDrive\\Escritorio\\DistriuidasProyectos\\chat-proyect\\src\\security\\totp.js": {"path":"C:\\Users\\patri\\OneDrive\\Escritorio\\DistriuidasProyectos\\chat-proyect\\src\\security\\totp.js","statementMap":{"0":{"start":{"line":2,"column":15},"end":{"line":2,"column":32}},"1":{"start":{"line":13,"column":19},"end":{"line":13,"column":21}},"2":{"start":{"line":16,"column":18},"end":{"line":16,"column":67}},"3":{"start":{"line":19,"column":17},"end":{"line":19,"column":32}},"4":{"start":{"line":21,"column":2},"end":{"line":21,"column":61}},"5":{"start":{"line":23,"column":2},"end":{"line":23,"column":48}},"6":{"start":{"line":26,"column":14},"end":{"line":26,"column":43}},"7":{"start":{"line":29,"column":15},"end":{"line":29,"column":69}},"8":{"start":{"line":32,"column":17},"end":{"line":32,"column":45}},"9":{"start":{"line":36,"column":4},"end":{"line":39,"column":29}},"10":{"start":{"line":42,"column":2},"end":{"line":42,"column":49}},"11":{"start":{"line":54,"column":2},"end":{"line":56,"column":3}},"12":{"start":{"line":55,"column":4},"end":{"line":55,"column":16}},"13":{"start":{"line":59,"column":20},"end":{"line":59,"column":46}},"14":{"start":{"line":62,"column":2},"end":{"line":64,"column":3}},"15":{"start":{"line":63,"column":4},"end":{"line":63,"column":17}},"16":{"start":{"line":67,"column":18},"end":{"line":67,"column":28}},"17":{"start":{"line":69,"column":2},"end":{"line":76,"column":3}},"18":{"start":{"line":72,"column":4},"end":{"line":72,"column":80}},"19":{"start":{"line":72,"column":36},"end":{"line":72,"column":78}},"20":{"start":{"line":75,"column":4},"end":{"line":75,"column":17}},"21":{"start":{"line":79,"column":0},"end":{"line":79,"column":32}}},"fnMap":{"0":{"name":"generateTotp","decl":{"start":{"line":11,"column":9},"end":{"line":11,"column":21}},"loc":{"start":{"line":11,"column":42},"end":{"line":43,"column":1}},"line":11},"1":{"name":"verifyTotp","decl":{"start":{"line":52,"column":9},"end":{"line":52,"column":19}},"loc":{"start":{"line":52,"column":35},"end":{"line":77,"column":1}},"line":52},"2":{"name":"(anonymous_2)","decl":{"start":{"line":72,"column":24},"end":{"line":72,"column":25}},"loc":{"start":{"line":72,"column":36},"end":{"line":72,"column":78}},"line":72}},"branchMap":{"0":{"loc":{"start":{"line":11,"column":30},"end":{"line":11,"column":40}},"type":"default-arg","locations":[{"start":{"line":11,"column":39},"end":{"line":11,"column":40}}],"line":11},"1":{"loc":{"start":{"line":54,"column":2},"end":{"line":56,"column":3}},"type":"if","locations":[{"start":{"line":54,"column":2},"end":{"line":56,"column":3}},{"start":{},"end":{}}],"line":54},"2":{"loc":{"start":{"line":59,"column":27},"end":{"line":59,"column":38}},"type":"binary-expr","locations":[{"start":{"line":59,"column":27},"end":{"line":59,"column":32}},{"start":{"line":59,"column":36},"end":{"line":59,"column":38}}],"line":59},"3":{"loc":{"start":{"line":62,"column":2},"end":{"line":64,"column":3}},"type":"if","locations":[{"start":{"line":62,"column":2},"end":{"line":64,"column":3}},{"start":{},"end":{}}],"line":62}},"s":{"0":1,"1":42,"2":42,"3":42,"4":42,"5":42,"6":42,"7":42,"8":42,"9":42,"10":42,"11":17,"12":2,"13":15,"14":15,"15":1,"16":14,"17":14,"18":14,"19":42,"20":0,"21":1},"f":{"0":42,"1":17,"2":42},"b":{"0":[0],"1":[2,15],"2":[15,1],"3":[1,14]},"_coverageSchema":"1a1c01bbd47fc00a2c39e90264f33305004495a9","hash":"a18e11c08bc64c90929c5d2362304cc85426ac3e"}
}
