{"total": {"lines":{"total":137,"covered":126,"skipped":0,"pct":91.97},"statements":{"total":138,"covered":127,"skipped":0,"pct":92.02},"functions":{"total":24,"covered":21,"skipped":0,"pct":87.5},"branches":{"total":52,"covered":46,"skipped":0,"pct":88.46},"branchesTrue":{"total":0,"covered":0,"skipped":0,"pct":"Unknown"}}
,"C:\\Users\\patri\\OneDrive\\Escritorio\\DistriuidasProyectos\\chat-proyect\\src\\security\\crypto.js": {"lines":{"total":26,"covered":25,"skipped":0,"pct":96.15},"functions":{"total":6,"covered":6,"skipped":0,"pct":100},"statements":{"total":26,"covered":25,"skipped":0,"pct":96.15},"branches":{"total":6,"covered":5,"skipped":0,"pct":83.33}}
,"C:\\Users\\patri\\OneDrive\\Escritorio\\DistriuidasProyectos\\chat-proyect\\src\\security\\fileType.js": {"lines":{"total":25,"covered":25,"skipped":0,"pct":100},"functions":{"total":4,"covered":4,"skipped":0,"pct":100},"statements":{"total":25,"covered":25,"skipped":0,"pct":100},"branches":{"total":17,"covered":16,"skipped":0,"pct":94.11}}
,"C:\\Users\\patri\\OneDrive\\Escritorio\\DistriuidasProyectos\\chat-proyect\\src\\security\\rateLimiter.js": {"lines":{"total":21,"covered":17,"skipped":0,"pct":80.95},"functions":{"total":2,"covered":1,"skipped":0,"pct":50},"statements":{"total":21,"covered":17,"skipped":0,"pct":80.95},"branches":{"total":8,"covered":6,"skipped":0,"pct":75}}
,"C:\\Users\\patri\\OneDrive\\Escritorio\\DistriuidasProyectos\\chat-proyect\\src\\security\\stegAnalyzer.js": {"lines":{"total":17,"covered":12,"skipped":0,"pct":70.58},"functions":{"total":5,"covered":3,"skipped":0,"pct":60},"statements":{"total":17,"covered":12,"skipped":0,"pct":70.58},"branches":{"total":0,"covered":0,"skipped":0,"pct":100}}
,"C:\\Users\\patri\\OneDrive\\Escritorio\\DistriuidasProyectos\\chat-proyect\\src\\security\\token.js": {"lines":{"total":27,"covered":27,"skipped":0,"pct":100},"functions":{"total":4,"covered":4,"skipped":0,"pct":100},"statements":{"total":27,"covered":27,"skipped":0,"pct":100},"branches":{"total":14,"covered":13,"skipped":0,"pct":92.85}}
,"C:\\Users\\patri\\OneDrive\\Escritorio\\DistriuidasProyectos\\chat-proyect\\src\\security\\totp.js": {"lines":{"total":21,"covered":20,"skipped":0,"pct":95.23},"functions":{"total":3,"covered":3,"skipped":0,"pct":100},"statements":{"total":22,"covered":21,"skipped":0,"pct":95.45},"branches":{"total":7,"covered":6,"skipped":0,"pct":85.71}}
}
