TN:
SF:src\models\Admin.js
FN:30,(anonymous_0)
FN:30,(anonymous_1)
FNF:2
FNH:0
FNDA:0,(anonymous_0)
FNDA:0,(anonymous_1)
DA:2,0
DA:8,0
DA:30,0
DA:43,0
LF:4
LH:0
BRDA:43,0,0,0
BRDA:43,0,1,0
BRF:2
BRH:0
end_of_record
TN:
SF:src\models\Attendance.js
FNF:0
FNH:0
DA:2,0
DA:9,0
DA:33,0
LF:3
LH:0
BRF:0
BRH:0
end_of_record
TN:
SF:src\models\AuditLog.js
FNF:0
FNH:0
DA:2,0
DA:7,0
DA:27,0
LF:3
LH:0
BRDA:28,0,0,0
BRDA:28,0,1,0
BRF:2
BRH:0
end_of_record
TN:
SF:src\models\Room.js
FNF:0
FNH:0
DA:2,0
DA:8,0
DA:21,0
DA:67,0
LF:4
LH:0
BRDA:67,0,0,0
BRDA:67,0,1,0
BRF:2
BRH:0
end_of_record
TN:
SF:src\security\crypto.js
FN:25,getKey
FN:40,encryptText
FN:76,decryptText
FN:109,hashSecret
FN:128,verifyHash
FN:143,generateSessionKey
FNF:6
FNH:6
FNDA:34,getKey
FNDA:22,encryptText
FNDA:12,decryptText
FNDA:1023,hashSecret
FNDA:1007,verifyHash
FNDA:4,generateSessionKey
DA:2,2
DA:6,2
DA:11,2
DA:14,2
DA:17,2
DA:26,34
DA:27,0
DA:30,34
DA:42,22
DA:46,22
DA:49,22
DA:52,22
DA:59,22
DA:62,22
DA:78,12
DA:81,12
DA:89,12
DA:92,11
DA:98,8
DA:112,1023
DA:116,1023
DA:130,1007
DA:134,1007
DA:146,4
DA:150,4
DA:153,2
LF:26
LH:25
BRDA:26,0,0,0
BRDA:26,0,1,34
BRDA:26,1,0,34
BRDA:26,1,1,34
BRDA:109,2,0,13
BRDA:109,3,0,13
BRF:6
BRH:5
end_of_record
TN:
SF:src\security\fileType.js
FN:65,bufferToHex
FN:75,matchesSignature
FN:89,looksLikeText
FN:123,detectFileType
FNF:4
FNH:4
FNDA:150,bufferToHex
FNDA:150,matchesSignature
FNDA:6,looksLikeText
FNDA:15,detectFileType
DA:2,1
DA:9,1
DA:66,150
DA:77,150
DA:79,150
DA:81,150
DA:91,6
DA:92,6
DA:95,6
DA:97,442
DA:98,2
DA:101,440
DA:107,424
DA:112,4
DA:125,15
DA:128,14
DA:129,1
DA:133,13
DA:134,56
DA:135,150
DA:136,7
DA:142,6
DA:143,3
DA:147,3
DA:150,1
LF:25
LH:25
BRDA:97,0,0,2
BRDA:97,0,1,440
BRDA:101,1,0,424
BRDA:101,1,1,16
BRDA:102,2,0,440
BRDA:102,2,1,440
BRDA:102,2,2,436
BRDA:102,2,3,436
BRDA:102,2,4,436
BRDA:112,3,0,4
BRDA:112,3,1,0
BRDA:128,4,0,1
BRDA:128,4,1,13
BRDA:135,5,0,7
BRDA:135,5,1,143
BRDA:142,6,0,3
BRDA:142,6,1,3
BRF:17
BRH:16
end_of_record
TN:
SF:src\security\rateLimiter.js
FN:19,cleanup
FN:40,rateLimiter
FNF:2
FNH:1
FNDA:0,cleanup
FNDA:609,rateLimiter
DA:5,1
DA:8,1
DA:13,1
DA:20,0
DA:22,0
DA:24,0
DA:25,0
DA:32,1
DA:42,609
DA:43,609
DA:46,609
DA:47,9
DA:50,609
DA:53,609
DA:54,1
DA:55,1
DA:59,609
DA:62,609
DA:63,5
DA:67,604
DA:70,1
LF:21
LH:17
BRDA:24,0,0,0
BRDA:24,0,1,0
BRDA:46,1,0,9
BRDA:46,1,1,600
BRDA:53,2,0,1
BRDA:53,2,1,608
BRDA:62,3,0,5
BRDA:62,3,1,604
BRF:8
BRH:6
end_of_record
TN:
SF:src\security\stegAnalyzer.js
FN:4,analyzeFile
FN:5,(anonymous_1)
FN:7,(anonymous_2)
FN:12,(anonymous_3)
FN:18,(anonymous_4)
FNF:5
FNH:3
FNDA:6,analyzeFile
FNDA:6,(anonymous_1)
FNDA:0,(anonymous_2)
FNDA:6,(anonymous_3)
FNDA:0,(anonymous_4)
DA:1,1
DA:2,1
DA:5,6
DA:6,6
DA:7,6
DA:8,0
DA:9,0
DA:12,6
DA:13,6
DA:14,6
DA:15,6
DA:18,6
DA:19,0
DA:20,0
DA:21,0
DA:24,6
DA:28,1
LF:17
LH:12
BRF:0
BRH:0
end_of_record
TN:
SF:src\security\stegWorker.js
FN:8,runPythonScan
FN:51,calculateEntropy
FN:69,analyzeFileStructure
FN:84,detectStegPatterns
FN:128,(anonymous_4)
FN:234,detectByteDistributionAnomaly
FN:251,(anonymous_6)
FN:315,(anonymous_7)
FNF:8
FNH:0
FNDA:0,runPythonScan
FNDA:0,calculateEntropy
FNDA:0,analyzeFileStructure
FNDA:0,detectStegPatterns
FNDA:0,(anonymous_4)
FNDA:0,detectByteDistributionAnomaly
FNDA:0,(anonymous_6)
FNDA:0,(anonymous_7)
DA:1,0
DA:2,0
DA:3,0
DA:4,0
DA:6,0
DA:9,0
DA:10,0
DA:11,0
DA:15,0
DA:16,0
DA:18,0
DA:20,0
DA:21,0
DA:23,0
DA:24,0
DA:38,0
DA:52,0
DA:53,0
DA:54,0
DA:56,0
DA:57,0
DA:58,0
DA:60,0
DA:61,0
DA:62,0
DA:63,0
DA:64,0
DA:66,0
DA:70,0
DA:71,0
DA:73,0
DA:74,0
DA:75,0
DA:76,0
DA:77,0
DA:81,0
DA:89,0
DA:90,0
DA:94,0
DA:97,0
DA:98,0
DA:99,0
DA:104,0
DA:105,0
DA:106,0
DA:107,0
DA:111,0
DA:112,0
DA:113,0
DA:119,0
DA:120,0
DA:121,0
DA:123,0
DA:126,0
DA:128,0
DA:129,0
DA:130,0
DA:133,0
DA:141,0
DA:146,0
DA:147,0
DA:148,0
DA:157,0
DA:158,0
DA:159,0
DA:168,0
DA:169,0
DA:170,0
DA:179,0
DA:180,0
DA:181,0
DA:190,0
DA:191,0
DA:194,0
DA:197,0
DA:198,0
DA:201,0
DA:203,0
DA:205,0
DA:206,0
DA:207,0
DA:209,0
DA:212,0
DA:215,0
DA:224,0
DA:225,0
DA:235,0
DA:236,0
DA:237,0
DA:240,0
DA:241,0
DA:243,0
DA:244,0
DA:245,0
DA:248,0
DA:251,0
DA:252,0
DA:253,0
DA:256,0
DA:257,0
DA:260,0
DA:261,0
DA:265,0
DA:267,0
DA:269,0
DA:275,0
DA:276,0
DA:277,0
DA:278,0
DA:279,0
DA:290,0
DA:292,0
DA:294,0
DA:303,0
DA:308,0
DA:309,0
DA:315,0
DA:316,0
DA:317,0
DA:321,0
DA:322,0
DA:325,0
DA:326,0
DA:327,0
DA:328,0
DA:329,0
DA:330,0
DA:331,0
DA:332,0
DA:333,0
DA:334,0
DA:336,0
DA:339,0
DA:349,0
DA:365,0
LF:135
LH:0
BRDA:15,0,0,0
BRDA:15,0,1,0
BRDA:18,1,0,0
BRDA:18,1,1,0
BRDA:20,2,0,0
BRDA:20,2,1,0
BRDA:20,2,2,0
BRDA:23,3,0,0
BRDA:23,3,1,0
BRDA:26,4,0,0
BRDA:26,4,1,0
BRDA:27,5,0,0
BRDA:27,5,1,0
BRDA:28,6,0,0
BRDA:28,6,1,0
BRDA:30,7,0,0
BRDA:30,7,1,0
BRDA:31,8,0,0
BRDA:31,8,1,0
BRDA:32,9,0,0
BRDA:32,9,1,0
BRDA:33,10,0,0
BRDA:33,10,1,0
BRDA:34,11,0,0
BRDA:34,11,1,0
BRDA:35,12,0,0
BRDA:35,12,1,0
BRDA:53,13,0,0
BRDA:53,13,1,0
BRDA:62,14,0,0
BRDA:62,14,1,0
BRDA:76,15,0,0
BRDA:76,15,1,0
BRDA:98,16,0,0
BRDA:98,16,1,0
BRDA:98,17,0,0
BRDA:98,17,1,0
BRDA:106,18,0,0
BRDA:106,18,1,0
BRDA:112,19,0,0
BRDA:112,19,1,0
BRDA:119,20,0,0
BRDA:119,20,1,0
BRDA:119,21,0,0
BRDA:119,21,1,0
BRDA:126,22,0,0
BRDA:126,22,1,0
BRDA:128,23,0,0
BRDA:128,23,1,0
BRDA:129,24,0,0
BRDA:129,24,1,0
BRDA:146,25,0,0
BRDA:146,25,1,0
BRDA:157,26,0,0
BRDA:157,26,1,0
BRDA:168,27,0,0
BRDA:168,27,1,0
BRDA:179,28,0,0
BRDA:179,28,1,0
BRDA:190,29,0,0
BRDA:190,29,1,0
BRDA:197,30,0,0
BRDA:197,30,1,0
BRDA:205,31,0,0
BRDA:205,31,1,0
BRDA:245,32,0,0
BRDA:245,32,1,0
BRDA:265,33,0,0
BRDA:265,33,1,0
BRDA:267,34,0,0
BRDA:267,34,1,0
BRDA:269,35,0,0
BRDA:269,35,1,0
BRDA:271,36,0,0
BRDA:271,36,1,0
BRDA:275,37,0,0
BRDA:275,37,1,0
BRDA:277,38,0,0
BRDA:277,38,1,0
BRDA:278,39,0,0
BRDA:278,39,1,0
BRDA:280,40,0,0
BRDA:280,40,1,0
BRDA:282,41,0,0
BRDA:282,41,1,0
BRDA:284,42,0,0
BRDA:284,42,1,0
BRDA:290,43,0,0
BRDA:290,43,1,0
BRDA:290,44,0,0
BRDA:290,44,1,0
BRDA:292,45,0,0
BRDA:292,45,1,0
BRDA:316,46,0,0
BRDA:316,46,1,0
BRDA:325,47,0,0
BRDA:325,47,1,0
BRDA:327,48,0,0
BRDA:327,48,1,0
BRDA:327,49,0,0
BRDA:327,49,1,0
BRDA:329,50,0,0
BRDA:329,50,1,0
BRDA:331,51,0,0
BRDA:331,51,1,0
BRDA:333,52,0,0
BRDA:333,52,1,0
BRDA:333,53,0,0
BRDA:333,53,1,0
BRDA:346,54,0,0
BRDA:346,54,1,0
BRF:111
BRH:0
end_of_record
TN:
SF:src\security\token.js
FN:10,base64UrlEncode
FN:27,base64UrlDecode
FN:50,signToken
FN:89,verifyToken
FNF:4
FNH:4
FNDA:42,base64UrlEncode
FNDA:13,base64UrlDecode
FNDA:21,signToken
FNDA:19,verifyToken
DA:2,2
DA:12,42
DA:29,13
DA:32,13
DA:33,13
DA:34,13
DA:38,13
DA:52,21
DA:55,21
DA:58,21
DA:61,21
DA:62,21
DA:65,21
DA:68,21
DA:78,21
DA:91,19
DA:94,19
DA:95,1
DA:99,18
DA:102,18
DA:112,18
DA:113,3
DA:117,13
DA:120,13
DA:121,2
DA:125,11
DA:128,2
LF:27
LH:27
BRDA:33,0,0,13
BRDA:33,0,1,0
BRDA:50,1,0,14
BRDA:94,2,0,1
BRDA:94,2,1,18
BRDA:94,3,0,19
BRDA:94,3,1,19
BRDA:94,3,2,19
BRDA:112,4,0,3
BRDA:112,4,1,13
BRDA:120,5,0,2
BRDA:120,5,1,11
BRDA:120,6,0,13
BRDA:120,6,1,13
BRF:14
BRH:13
end_of_record
TN:
SF:src\security\totp.js
FN:11,generateTotp
FN:52,verifyTotp
FN:72,(anonymous_2)
FNF:3
FNH:3
FNDA:42,generateTotp
FNDA:17,verifyTotp
FNDA:42,(anonymous_2)
DA:2,1
DA:13,42
DA:16,42
DA:19,42
DA:21,42
DA:23,42
DA:26,42
DA:29,42
DA:32,42
DA:36,42
DA:42,42
DA:54,17
DA:55,2
DA:59,15
DA:62,15
DA:63,1
DA:67,14
DA:69,14
DA:72,42
DA:75,0
DA:79,1
LF:21
LH:20
BRDA:11,0,0,0
BRDA:54,1,0,2
BRDA:54,1,1,15
BRDA:59,2,0,15
BRDA:59,2,1,1
BRDA:62,3,0,1
BRDA:62,3,1,14
BRF:7
BRH:6
end_of_record
