TN:
SF:src\security\crypto.js
FN:25,getKey
FN:40,encryptText
FN:76,decryptText
FN:109,hashSecret
FN:128,verifyHash
FN:143,generateSessionKey
FNF:6
FNH:6
FNDA:26,getKey
FNDA:17,encryptText
FNDA:9,decryptText
FNDA:12,hashSecret
FNDA:3,verifyHash
FNDA:4,generateSessionKey
DA:2,1
DA:6,1
DA:11,1
DA:14,1
DA:17,1
DA:26,26
DA:27,0
DA:30,26
DA:42,17
DA:46,17
DA:49,17
DA:52,17
DA:59,17
DA:62,17
DA:78,9
DA:81,9
DA:89,9
DA:92,8
DA:98,6
DA:112,12
DA:116,12
DA:130,3
DA:134,3
DA:146,4
DA:150,4
DA:153,1
LF:26
LH:25
BRDA:26,0,0,0
BRDA:26,0,1,26
BRDA:26,1,0,26
BRDA:26,1,1,26
BRDA:109,2,0,6
BRDA:109,3,0,6
BRF:6
BRH:5
end_of_record
TN:
SF:src\security\fileType.js
FN:65,bufferToHex
FN:75,matchesSignature
FN:89,looksLikeText
FN:123,detectFileType
FNF:4
FNH:4
FNDA:150,bufferToHex
FNDA:150,matchesSignature
FNDA:6,looksLikeText
FNDA:15,detectFileType
DA:2,1
DA:9,1
DA:66,150
DA:77,150
DA:79,150
DA:81,150
DA:91,6
DA:92,6
DA:95,6
DA:97,442
DA:98,2
DA:101,440
DA:107,424
DA:112,4
DA:125,15
DA:128,14
DA:129,1
DA:133,13
DA:134,56
DA:135,150
DA:136,7
DA:142,6
DA:143,3
DA:147,3
DA:150,1
LF:25
LH:25
BRDA:97,0,0,2
BRDA:97,0,1,440
BRDA:101,1,0,424
BRDA:101,1,1,16
BRDA:102,2,0,440
BRDA:102,2,1,440
BRDA:102,2,2,436
BRDA:102,2,3,436
BRDA:102,2,4,436
BRDA:112,3,0,4
BRDA:112,3,1,0
BRDA:128,4,0,1
BRDA:128,4,1,13
BRDA:135,5,0,7
BRDA:135,5,1,143
BRDA:142,6,0,3
BRDA:142,6,1,3
BRF:17
BRH:16
end_of_record
TN:
SF:src\security\rateLimiter.js
FN:19,cleanup
FN:40,rateLimiter
FNF:2
FNH:1
FNDA:0,cleanup
FNDA:611,rateLimiter
DA:5,1
DA:8,1
DA:13,1
DA:20,0
DA:22,0
DA:24,0
DA:25,0
DA:32,1
DA:42,611
DA:43,611
DA:46,611
DA:47,10
DA:50,611
DA:53,611
DA:54,2
DA:55,2
DA:59,611
DA:62,611
DA:63,5
DA:67,606
DA:70,1
LF:21
LH:17
BRDA:24,0,0,0
BRDA:24,0,1,0
BRDA:46,1,0,10
BRDA:46,1,1,601
BRDA:53,2,0,2
BRDA:53,2,1,609
BRDA:62,3,0,5
BRDA:62,3,1,606
BRF:8
BRH:6
end_of_record
TN:
SF:src\security\stegAnalyzer.js
FN:4,analyzeFile
FN:5,(anonymous_1)
FN:7,(anonymous_2)
FN:12,(anonymous_3)
FN:18,(anonymous_4)
FNF:5
FNH:3
FNDA:6,analyzeFile
FNDA:6,(anonymous_1)
FNDA:0,(anonymous_2)
FNDA:6,(anonymous_3)
FNDA:0,(anonymous_4)
DA:1,1
DA:2,1
DA:5,6
DA:6,6
DA:7,6
DA:8,0
DA:9,0
DA:12,6
DA:13,6
DA:14,6
DA:15,6
DA:18,6
DA:19,0
DA:20,0
DA:21,0
DA:24,6
DA:28,1
LF:17
LH:12
BRF:0
BRH:0
end_of_record
TN:
SF:src\security\token.js
FN:10,base64UrlEncode
FN:27,base64UrlDecode
FN:50,signToken
FN:89,verifyToken
FNF:4
FNH:4
FNDA:32,base64UrlEncode
FNDA:9,base64UrlDecode
FNDA:16,signToken
FNDA:14,verifyToken
DA:2,1
DA:12,32
DA:29,9
DA:32,9
DA:33,9
DA:34,9
DA:38,9
DA:52,16
DA:55,16
DA:58,16
DA:61,16
DA:62,16
DA:65,16
DA:68,16
DA:78,16
DA:91,14
DA:94,14
DA:95,1
DA:99,13
DA:102,13
DA:112,13
DA:113,2
DA:117,9
DA:120,9
DA:121,1
DA:125,8
DA:128,1
LF:27
LH:27
BRDA:33,0,0,9
BRDA:33,0,1,0
BRDA:50,1,0,10
BRDA:94,2,0,1
BRDA:94,2,1,13
BRDA:94,3,0,14
BRDA:94,3,1,14
BRDA:94,3,2,14
BRDA:112,4,0,2
BRDA:112,4,1,9
BRDA:120,5,0,1
BRDA:120,5,1,8
BRDA:120,6,0,9
BRDA:120,6,1,9
BRF:14
BRH:13
end_of_record
TN:
SF:src\security\totp.js
FN:11,generateTotp
FN:52,verifyTotp
FN:72,(anonymous_2)
FNF:3
FNH:3
FNDA:42,generateTotp
FNDA:17,verifyTotp
FNDA:42,(anonymous_2)
DA:2,1
DA:13,42
DA:16,42
DA:19,42
DA:21,42
DA:23,42
DA:26,42
DA:29,42
DA:32,42
DA:36,42
DA:42,42
DA:54,17
DA:55,2
DA:59,15
DA:62,15
DA:63,1
DA:67,14
DA:69,14
DA:72,42
DA:75,0
DA:79,1
LF:21
LH:20
BRDA:11,0,0,0
BRDA:54,1,0,2
BRDA:54,1,1,15
BRDA:59,2,0,15
BRDA:59,2,1,1
BRDA:62,3,0,1
BRDA:62,3,1,14
BRF:7
BRH:6
end_of_record
